<?xml version="1.0" encoding="UTF-8"?>
<testsuite name="com.example.sample.SampleApplicationTests" tests="1" skipped="0" failures="0" errors="0" timestamp="2022-09-21T04:56:14" hostname="DESKTOP-BFIGTE1" time="0.185">
  <properties/>
  <testcase name="contextLoads()" classname="com.example.sample.SampleApplicationTests" time="0.185"/>
  <system-out><![CDATA[13:56:12.587 [Test worker] DEBUG org.springframework.test.context.BootstrapUtils - Instantiating CacheAwareContextLoaderDelegate from class [org.springframework.test.context.cache.DefaultCacheAwareContextLoaderDelegate]
13:56:12.603 [Test worker] DEBUG org.springframework.test.context.BootstrapUtils - Instantiating BootstrapContext using constructor [public org.springframework.test.context.support.DefaultBootstrapContext(java.lang.Class,org.springframework.test.context.CacheAwareContextLoaderDelegate)]
13:56:12.619 [Test worker] DEBUG org.springframework.test.context.BootstrapUtils - Instantiating TestContextBootstrapper for test class [com.example.sample.SampleApplicationTests] from class [org.springframework.boot.test.context.SpringBootTestContextBootstrapper]
13:56:12.634 [Test worker] INFO org.springframework.boot.test.context.SpringBootTestContextBootstrapper - Neither @ContextConfiguration nor @ContextHierarchy found for test class [com.example.sample.SampleApplicationTests], using SpringBootContextLoader
13:56:12.634 [Test worker] DEBUG org.springframework.test.context.support.AbstractContextLoader - Did not detect default resource location for test class [com.example.sample.SampleApplicationTests]: class path resource [com/example/sample/SampleApplicationTests-context.xml] does not exist
13:56:12.634 [Test worker] DEBUG org.springframework.test.context.support.AbstractContextLoader - Did not detect default resource location for test class [com.example.sample.SampleApplicationTests]: class path resource [com/example/sample/SampleApplicationTestsContext.groovy] does not exist
13:56:12.634 [Test worker] INFO org.springframework.test.context.support.AbstractContextLoader - Could not detect default resource locations for test class [com.example.sample.SampleApplicationTests]: no resource found for suffixes {-context.xml, Context.groovy}.
13:56:12.634 [Test worker] INFO org.springframework.test.context.support.AnnotationConfigContextLoaderUtils - Could not detect default configuration classes for test class [com.example.sample.SampleApplicationTests]: SampleApplicationTests does not declare any static, non-private, non-final, nested classes annotated with @Configuration.
13:56:12.681 [Test worker] DEBUG org.springframework.test.context.support.ActiveProfilesUtils - Could not find an 'annotation declaring class' for annotation type [org.springframework.test.context.ActiveProfiles] and class [com.example.sample.SampleApplicationTests]
13:56:12.712 [Test worker] DEBUG org.springframework.context.annotation.ClassPathScanningCandidateComponentProvider - Identified candidate component class: file [C:\Users\OhJunseok\Desktop\sample\sample\build\classes\java\main\com\example\sample\SampleApplication.class]
13:56:12.712 [Test worker] INFO org.springframework.boot.test.context.SpringBootTestContextBootstrapper - Found @SpringBootConfiguration com.example.sample.SampleApplication for test class com.example.sample.SampleApplicationTests
13:56:12.775 [Test worker] DEBUG org.springframework.boot.test.context.SpringBootTestContextBootstrapper - @TestExecutionListeners is not present for class [com.example.sample.SampleApplicationTests]: using defaults.
13:56:12.775 [Test worker] INFO org.springframework.boot.test.context.SpringBootTestContextBootstrapper - Loaded default TestExecutionListener class names from location [META-INF/spring.factories]: [org.springframework.boot.test.autoconfigure.restdocs.RestDocsTestExecutionListener, org.springframework.boot.test.autoconfigure.web.client.MockRestServiceServerResetTestExecutionListener, org.springframework.boot.test.autoconfigure.web.servlet.MockMvcPrintOnlyOnFailureTestExecutionListener, org.springframework.boot.test.autoconfigure.web.servlet.WebDriverTestExecutionListener, org.springframework.boot.test.autoconfigure.webservices.client.MockWebServiceServerTestExecutionListener, org.springframework.boot.test.mock.mockito.MockitoTestExecutionListener, org.springframework.boot.test.mock.mockito.ResetMocksTestExecutionListener, org.springframework.test.context.web.ServletTestExecutionListener, org.springframework.test.context.support.DirtiesContextBeforeModesTestExecutionListener, org.springframework.test.context.event.ApplicationEventsTestExecutionListener, org.springframework.test.context.support.DependencyInjectionTestExecutionListener, org.springframework.test.context.support.DirtiesContextTestExecutionListener, org.springframework.test.context.transaction.TransactionalTestExecutionListener, org.springframework.test.context.jdbc.SqlScriptsTestExecutionListener, org.springframework.test.context.event.EventPublishingTestExecutionListener]
13:56:12.790 [Test worker] DEBUG org.springframework.boot.test.context.SpringBootTestContextBootstrapper - Skipping candidate TestExecutionListener [org.springframework.test.context.transaction.TransactionalTestExecutionListener] due to a missing dependency. Specify custom listener classes or make the default listener classes and their required dependencies available. Offending class: [org/springframework/transaction/interceptor/TransactionAttributeSource]
13:56:12.790 [Test worker] DEBUG org.springframework.boot.test.context.SpringBootTestContextBootstrapper - Skipping candidate TestExecutionListener [org.springframework.test.context.jdbc.SqlScriptsTestExecutionListener] due to a missing dependency. Specify custom listener classes or make the default listener classes and their required dependencies available. Offending class: [org/springframework/transaction/interceptor/TransactionAttribute]
13:56:12.790 [Test worker] INFO org.springframework.boot.test.context.SpringBootTestContextBootstrapper - Using TestExecutionListeners: [org.springframework.test.context.web.ServletTestExecutionListener@5f9be66c, org.springframework.test.context.support.DirtiesContextBeforeModesTestExecutionListener@3abada5a, org.springframework.test.context.event.ApplicationEventsTestExecutionListener@66c61024, org.springframework.boot.test.mock.mockito.MockitoTestExecutionListener@61fe30, org.springframework.boot.test.autoconfigure.SpringBootDependencyInjectionTestExecutionListener@c9d0d6, org.springframework.test.context.support.DirtiesContextTestExecutionListener@6ccdb29f, org.springframework.test.context.event.EventPublishingTestExecutionListener@3adcc812, org.springframework.boot.test.autoconfigure.restdocs.RestDocsTestExecutionListener@35432107, org.springframework.boot.test.autoconfigure.web.client.MockRestServiceServerResetTestExecutionListener@7b420819, org.springframework.boot.test.autoconfigure.web.servlet.MockMvcPrintOnlyOnFailureTestExecutionListener@7a1a14a4, org.springframework.boot.test.autoconfigure.web.servlet.WebDriverTestExecutionListener@265adfad, org.springframework.boot.test.autoconfigure.webservices.client.MockWebServiceServerTestExecutionListener@a3d9978, org.springframework.boot.test.mock.mockito.ResetMocksTestExecutionListener@61544ae6]
13:56:12.790 [Test worker] DEBUG org.springframework.test.context.support.AbstractDirtiesContextTestExecutionListener - Before test class: context [DefaultTestContext@5bf0fe62 testClass = SampleApplicationTests, testInstance = [null], testMethod = [null], testException = [null], mergedContextConfiguration = [WebMergedContextConfiguration@1e097d59 testClass = SampleApplicationTests, locations = '{}', classes = '{class com.example.sample.SampleApplication}', contextInitializerClasses = '[]', activeProfiles = '{}', propertySourceLocations = '{}', propertySourceProperties = '{org.springframework.boot.test.context.SpringBootTestContextBootstrapper=true}', contextCustomizers = set[org.springframework.boot.test.autoconfigure.actuate.metrics.MetricsExportContextCustomizerFactory$DisableMetricExportContextCustomizer@28261e8e, org.springframework.boot.test.autoconfigure.properties.PropertyMappingContextCustomizer@0, org.springframework.boot.test.autoconfigure.web.servlet.WebDriverContextCustomizerFactory$Customizer@48bb62, org.springframework.boot.test.context.filter.ExcludeFilterContextCustomizer@6fa51cd4, org.springframework.boot.test.json.DuplicateJsonObjectContextCustomizerFactory$DuplicateJsonObjectContextCustomizer@5386659f, org.springframework.boot.test.mock.mockito.MockitoContextCustomizer@0, org.springframework.boot.test.web.client.TestRestTemplateContextCustomizer@7c37508a, org.springframework.boot.test.context.SpringBootTestArgs@1, org.springframework.boot.test.context.SpringBootTestWebEnvironment@229d10bd], resourceBasePath = 'src/main/webapp', contextLoader = 'org.springframework.boot.test.context.SpringBootContextLoader', parent = [null]], attributes = map['org.springframework.test.context.web.ServletTestExecutionListener.activateListener' -> true]], class annotated with @DirtiesContext [false] with mode [null].

  .   ____          _            __ _ _
 /\\ / ___'_ __ _ _(_)_ __  __ _ \ \ \ \
( ( )\___ | '_ | '_| | '_ \/ _` | \ \ \ \
 \\/  ___)| |_)| | | | | || (_| |  ) ) ) )
  '  |____| .__|_| |_|_| |_\__, | / / / /
 =========|_|==============|___/=/_/_/_/
 :: Spring Boot ::      (v2.6.12-SNAPSHOT)

2022-09-21 13:56:13.040  INFO 20708 --- [    Test worker] c.example.sample.SampleApplicationTests  : Starting SampleApplicationTests using Java 1.8.0_341 on DESKTOP-BFIGTE1 with PID 20708 (started by OhJunseok in C:\Users\OhJunseok\Desktop\sample\sample)
2022-09-21 13:56:13.040  INFO 20708 --- [    Test worker] c.example.sample.SampleApplicationTests  : No active profile set, falling back to 1 default profile: "default"
2022-09-21 13:56:13.993  INFO 20708 --- [    Test worker] c.example.sample.SampleApplicationTests  : Started SampleApplicationTests in 1.17 seconds (JVM running for 2.147)
]]></system-out>
  <system-err><![CDATA[]]></system-err>
</testsuite>
