<?xml version="1.0" encoding="UTF-8"?>
<testsuite name="com.example.sample.SampleApplicationTests" tests="1" skipped="0" failures="0" errors="0" timestamp="2022-09-27T08:27:18" hostname="DESKTOP-BFIGTE1" time="0.236">
  <properties/>
  <testcase name="contextLoads()" classname="com.example.sample.SampleApplicationTests" time="0.236"/>
  <system-out><![CDATA[17:27:15.829 [Test worker] DEBUG org.springframework.test.context.BootstrapUtils - Instantiating CacheAwareContextLoaderDelegate from class [org.springframework.test.context.cache.DefaultCacheAwareContextLoaderDelegate]
17:27:15.839 [Test worker] DEBUG org.springframework.test.context.BootstrapUtils - Instantiating BootstrapContext using constructor [public org.springframework.test.context.support.DefaultBootstrapContext(java.lang.Class,org.springframework.test.context.CacheAwareContextLoaderDelegate)]
17:27:15.866 [Test worker] DEBUG org.springframework.test.context.BootstrapUtils - Instantiating TestContextBootstrapper for test class [com.example.sample.SampleApplicationTests] from class [org.springframework.boot.test.context.SpringBootTestContextBootstrapper]
17:27:15.877 [Test worker] INFO org.springframework.boot.test.context.SpringBootTestContextBootstrapper - Neither @ContextConfiguration nor @ContextHierarchy found for test class [com.example.sample.SampleApplicationTests], using SpringBootContextLoader
17:27:15.879 [Test worker] DEBUG org.springframework.test.context.support.AbstractContextLoader - Did not detect default resource location for test class [com.example.sample.SampleApplicationTests]: class path resource [com/example/sample/SampleApplicationTests-context.xml] does not exist
17:27:15.885 [Test worker] DEBUG org.springframework.test.context.support.AbstractContextLoader - Did not detect default resource location for test class [com.example.sample.SampleApplicationTests]: class path resource [com/example/sample/SampleApplicationTestsContext.groovy] does not exist
17:27:15.886 [Test worker] INFO org.springframework.test.context.support.AbstractContextLoader - Could not detect default resource locations for test class [com.example.sample.SampleApplicationTests]: no resource found for suffixes {-context.xml, Context.groovy}.
17:27:15.887 [Test worker] INFO org.springframework.test.context.support.AnnotationConfigContextLoaderUtils - Could not detect default configuration classes for test class [com.example.sample.SampleApplicationTests]: SampleApplicationTests does not declare any static, non-private, non-final, nested classes annotated with @Configuration.
17:27:15.919 [Test worker] DEBUG org.springframework.test.context.support.ActiveProfilesUtils - Could not find an 'annotation declaring class' for annotation type [org.springframework.test.context.ActiveProfiles] and class [com.example.sample.SampleApplicationTests]
17:27:15.963 [Test worker] DEBUG org.springframework.context.annotation.ClassPathScanningCandidateComponentProvider - Identified candidate component class: file [C:\Users\OhJunseok\Desktop\sample\sample\build\classes\java\main\com\example\sample\SampleApplication.class]
17:27:15.965 [Test worker] INFO org.springframework.boot.test.context.SpringBootTestContextBootstrapper - Found @SpringBootConfiguration com.example.sample.SampleApplication for test class com.example.sample.SampleApplicationTests
17:27:16.035 [Test worker] DEBUG org.springframework.boot.test.context.SpringBootTestContextBootstrapper - @TestExecutionListeners is not present for class [com.example.sample.SampleApplicationTests]: using defaults.
17:27:16.035 [Test worker] INFO org.springframework.boot.test.context.SpringBootTestContextBootstrapper - Loaded default TestExecutionListener class names from location [META-INF/spring.factories]: [org.springframework.boot.test.autoconfigure.restdocs.RestDocsTestExecutionListener, org.springframework.boot.test.autoconfigure.web.client.MockRestServiceServerResetTestExecutionListener, org.springframework.boot.test.autoconfigure.web.servlet.MockMvcPrintOnlyOnFailureTestExecutionListener, org.springframework.boot.test.autoconfigure.web.servlet.WebDriverTestExecutionListener, org.springframework.boot.test.autoconfigure.webservices.client.MockWebServiceServerTestExecutionListener, org.springframework.boot.test.mock.mockito.MockitoTestExecutionListener, org.springframework.boot.test.mock.mockito.ResetMocksTestExecutionListener, org.springframework.test.context.web.ServletTestExecutionListener, org.springframework.test.context.support.DirtiesContextBeforeModesTestExecutionListener, org.springframework.test.context.event.ApplicationEventsTestExecutionListener, org.springframework.test.context.support.DependencyInjectionTestExecutionListener, org.springframework.test.context.support.DirtiesContextTestExecutionListener, org.springframework.test.context.transaction.TransactionalTestExecutionListener, org.springframework.test.context.jdbc.SqlScriptsTestExecutionListener, org.springframework.test.context.event.EventPublishingTestExecutionListener]
17:27:16.048 [Test worker] INFO org.springframework.boot.test.context.SpringBootTestContextBootstrapper - Using TestExecutionListeners: [org.springframework.test.context.web.ServletTestExecutionListener@7331196b, org.springframework.test.context.support.DirtiesContextBeforeModesTestExecutionListener@3f9342d4, org.springframework.test.context.event.ApplicationEventsTestExecutionListener@ab7395e, org.springframework.boot.test.mock.mockito.MockitoTestExecutionListener@50d13246, org.springframework.boot.test.autoconfigure.SpringBootDependencyInjectionTestExecutionListener@2bd08376, org.springframework.test.context.support.DirtiesContextTestExecutionListener@e70f13a, org.springframework.test.context.transaction.TransactionalTestExecutionListener@3d3e5463, org.springframework.test.context.jdbc.SqlScriptsTestExecutionListener@64a40280, org.springframework.test.context.event.EventPublishingTestExecutionListener@4b40f651, org.springframework.boot.test.autoconfigure.restdocs.RestDocsTestExecutionListener@42b02722, org.springframework.boot.test.autoconfigure.web.client.MockRestServiceServerResetTestExecutionListener@d62fe5b, org.springframework.boot.test.autoconfigure.web.servlet.MockMvcPrintOnlyOnFailureTestExecutionListener@49964d75, org.springframework.boot.test.autoconfigure.web.servlet.WebDriverTestExecutionListener@528c868, org.springframework.boot.test.autoconfigure.webservices.client.MockWebServiceServerTestExecutionListener@466276d8, org.springframework.boot.test.mock.mockito.ResetMocksTestExecutionListener@5ce8d869]
17:27:16.051 [Test worker] DEBUG org.springframework.test.context.support.AbstractDirtiesContextTestExecutionListener - Before test class: context [DefaultTestContext@6f63b475 testClass = SampleApplicationTests, testInstance = [null], testMethod = [null], testException = [null], mergedContextConfiguration = [WebMergedContextConfiguration@554e218 testClass = SampleApplicationTests, locations = '{}', classes = '{class com.example.sample.SampleApplication}', contextInitializerClasses = '[]', activeProfiles = '{}', propertySourceLocations = '{}', propertySourceProperties = '{org.springframework.boot.test.context.SpringBootTestContextBootstrapper=true}', contextCustomizers = set[org.springframework.boot.test.autoconfigure.actuate.metrics.MetricsExportContextCustomizerFactory$DisableMetricExportContextCustomizer@1750fbeb, org.springframework.boot.test.autoconfigure.properties.PropertyMappingContextCustomizer@0, org.springframework.boot.test.autoconfigure.web.servlet.WebDriverContextCustomizerFactory$Customizer@4a003cbe, org.springframework.boot.test.context.filter.ExcludeFilterContextCustomizer@359df09a, org.springframework.boot.test.json.DuplicateJsonObjectContextCustomizerFactory$DuplicateJsonObjectContextCustomizer@792b749c, org.springframework.boot.test.mock.mockito.MockitoContextCustomizer@0, org.springframework.boot.test.web.client.TestRestTemplateContextCustomizer@66982506, org.springframework.boot.test.context.SpringBootTestArgs@1, org.springframework.boot.test.context.SpringBootTestWebEnvironment@2f112965], resourceBasePath = 'src/main/webapp', contextLoader = 'org.springframework.boot.test.context.SpringBootContextLoader', parent = [null]], attributes = map['org.springframework.test.context.web.ServletTestExecutionListener.activateListener' -> true]], class annotated with @DirtiesContext [false] with mode [null].

  .   ____          _            __ _ _
 /\\ / ___'_ __ _ _(_)_ __  __ _ \ \ \ \
( ( )\___ | '_ | '_| | '_ \/ _` | \ \ \ \
 \\/  ___)| |_)| | | | | || (_| |  ) ) ) )
  '  |____| .__|_| |_|_| |_\__, | / / / /
 =========|_|==============|___/=/_/_/_/
 :: Spring Boot ::      (v2.6.12-SNAPSHOT)

2022-09-27 17:27:16.334  INFO 23772 --- [    Test worker] c.example.sample.SampleApplicationTests  : Starting SampleApplicationTests using Java 1.8.0_341 on DESKTOP-BFIGTE1 with PID 23772 (started by OhJunseok in C:\Users\OhJunseok\Desktop\sample\sample)
2022-09-27 17:27:16.335  INFO 23772 --- [    Test worker] c.example.sample.SampleApplicationTests  : No active profile set, falling back to 1 default profile: "default"
2022-09-27 17:27:18.507  INFO 23772 --- [    Test worker] c.example.sample.SampleApplicationTests  : Started SampleApplicationTests in 2.432 seconds (JVM running for 3.291)
]]></system-out>
  <system-err><![CDATA[]]></system-err>
</testsuite>
